Added Component: Designator=0.96OLED(SPI-OLED)
Add component. Clean all parameters for all variants
Added Component: Designator=arduino micro pro(micro)
Add component. Clean all parameters for all variants
Added Component: Designator=SW-A(KEY-SMT)
Add component. Clean all parameters for all variants
Added Component: Designator=SW-B(KEY-SMT)
Add component. Clean all parameters for all variants
Added Component: Designator=SW-DOWN(KEY-SMT)
Add component. Clean all parameters for all variants
Added Component: Designator=SW-LEFT(KEY-SMT)
Add component. Clean all parameters for all variants
Added Component: Designator=SW-RIGHT(KEY-SMT)
Add component. Clean all parameters for all variants
Added Component: Designator=SW-RST(KEY-SMT)
Add component. Clean all parameters for all variants
Added Component: Designator=SW-UP(KEY-SMT)
Add component. Clean all parameters for all variants
Added Pin To Net: NetName=GND Pin=0.96OLED-1
Added Pin To Net: NetName=VCC Pin=0.96OLED-2
Added Pin To Net: NetName=D0 Pin=0.96OLED-3
Added Pin To Net: NetName=D1 Pin=0.96OLED-4
Added Pin To Net: NetName=OLEDRST Pin=0.96OLED-5
Added Pin To Net: NetName=DC Pin=0.96OLED-6
Added Pin To Net: NetName=GND Pin=0.96OLED-7
Added Pin To Net: NetName=GND Pin=arduino micro pro-3
Added Pin To Net: NetName=GND Pin=arduino micro pro-4
Added Pin To Net: NetName=DC Pin=arduino micro pro-7
Added Pin To Net: NetName=OLEDRST Pin=arduino micro pro-9
Added Pin To Net: NetName=Netarduino micro pro_10 Pin=arduino micro pro-10
Added Pin To Net: NetName=Netarduino micro pro_11 Pin=arduino micro pro-11
Added Pin To Net: NetName=GND Pin=arduino micro pro-14
Added Pin To Net: NetName=Netarduino micro pro_15 Pin=arduino micro pro-15
Added Pin To Net: NetName=VCC Pin=arduino micro pro-16
Added Pin To Net: NetName=Netarduino micro pro_17 Pin=arduino micro pro-17
Added Pin To Net: NetName=Netarduino micro pro_18 Pin=arduino micro pro-18
Added Pin To Net: NetName=Netarduino micro pro_19 Pin=arduino micro pro-19
Added Pin To Net: NetName=Netarduino micro pro_20 Pin=arduino micro pro-20
Added Pin To Net: NetName=D0 Pin=arduino micro pro-21
Added Pin To Net: NetName=D1 Pin=arduino micro pro-23
Added Pin To Net: NetName=Netarduino micro pro_10 Pin=SW-A-1
Added Pin To Net: NetName=Netarduino micro pro_10 Pin=SW-A-1
Added Pin To Net: NetName=GND Pin=SW-A-2
Added Pin To Net: NetName=GND Pin=SW-A-2
Added Pin To Net: NetName=Netarduino micro pro_11 Pin=SW-B-1
Added Pin To Net: NetName=Netarduino micro pro_11 Pin=SW-B-1
Added Pin To Net: NetName=GND Pin=SW-B-2
Added Pin To Net: NetName=GND Pin=SW-B-2
Added Pin To Net: NetName=GND Pin=SW-DOWN-1
Added Pin To Net: NetName=GND Pin=SW-DOWN-1
Added Pin To Net: NetName=Netarduino micro pro_17 Pin=SW-DOWN-2
Added Pin To Net: NetName=Netarduino micro pro_17 Pin=SW-DOWN-2
Added Pin To Net: NetName=GND Pin=SW-LEFT-1
Added Pin To Net: NetName=GND Pin=SW-LEFT-1
Added Pin To Net: NetName=Netarduino micro pro_18 Pin=SW-LEFT-2
Added Pin To Net: NetName=Netarduino micro pro_18 Pin=SW-LEFT-2
Added Pin To Net: NetName=GND Pin=SW-RIGHT-1
Added Pin To Net: NetName=GND Pin=SW-RIGHT-1
Added Pin To Net: NetName=Netarduino micro pro_19 Pin=SW-RIGHT-2
Added Pin To Net: NetName=Netarduino micro pro_19 Pin=SW-RIGHT-2
Added Pin To Net: NetName=GND Pin=SW-RST-1
Added Pin To Net: NetName=GND Pin=SW-RST-1
Added Pin To Net: NetName=Netarduino micro pro_15 Pin=SW-RST-2
Added Pin To Net: NetName=Netarduino micro pro_15 Pin=SW-RST-2
Added Pin To Net: NetName=GND Pin=SW-UP-1
Added Pin To Net: NetName=GND Pin=SW-UP-1
Added Pin To Net: NetName=Netarduino micro pro_20 Pin=SW-UP-2
Added Pin To Net: NetName=Netarduino micro pro_20 Pin=SW-UP-2
Added Member To Class: ClassName=Sheet1 Member=Component 0.96OLED SPI-OLED
Added Member To Class: ClassName=Sheet1 Member=Component arduino micro pro micro
Added Member To Class: ClassName=Sheet1 Member=Component SW-A SW-PB_V
Added Member To Class: ClassName=Sheet1 Member=Component SW-B SW-PB_V
Added Member To Class: ClassName=Sheet1 Member=Component SW-DOWN SW-PB_V
Added Member To Class: ClassName=Sheet1 Member=Component SW-LEFT SW-PB_V
Added Member To Class: ClassName=Sheet1 Member=Component SW-RIGHT SW-PB_V
Added Member To Class: ClassName=Sheet1 Member=Component SW-RST SW-PB_V
Added Member To Class: ClassName=Sheet1 Member=Component SW-UP SW-PB_V
Added Room: Name=Sheet1
